<?xml version="1.0" encoding="UTF-8"?>
<testng-results skipped="0" failed="0" total="2" passed="2">
  <reporter-output>
  </reporter-output>
  <suite name="Feature" duration-ms="52" started-at="2019-04-13T04:06:55Z" finished-at="2019-04-13T04:06:56Z">
    <groups>
    </groups>
    <test name="UnitLevelTest" duration-ms="52" started-at="2019-04-13T04:06:55Z" finished-at="2019-04-13T04:06:56Z">
      <class name="com.a.b.c.AppTest1">
        <test-method status="PASS" signature="unitLevel1()[pri:0, instance:com.a.b.c.AppTest1@48140564]" name="unitLevel1" duration-ms="0" started-at="2019-04-13T09:36:56Z" finished-at="2019-04-13T09:36:56Z">
          <reporter-output>
          </reporter-output>
        </test-method> <!-- unitLevel1 -->
      </class> <!-- com.a.b.c.AppTest1 -->
      <class name="com.a.b.c.AppTest">
        <test-method status="PASS" signature="unitLevel1()[pri:0, instance:com.a.b.c.AppTest@2c8d66b2]" name="unitLevel1" duration-ms="19" started-at="2019-04-13T09:36:56Z" finished-at="2019-04-13T09:36:56Z">
          <reporter-output>
          </reporter-output>
        </test-method> <!-- unitLevel1 -->
      </class> <!-- com.a.b.c.AppTest -->
    </test> <!-- UnitLevelTest -->
  </suite> <!-- Feature -->
</testng-results>
